000.000 =============================================================
000.000                     Station A                               
000.000 -------------------------------------------------------------
000.000 Protocol.lib, version 4.0, jiangyanjun0718@bupt.edu.cn
000.000 Channel: 8000 bps, 270 ms propagation delay, bit error rate 1.0E-04
000.000 Log file "datalink-A.log", TCP port 59144, debug mask 0x00
000.000 Station A is waiting for station B on TCP port 59144 ... Done.
000.385 New epoch: Fri May  5 14:03:05 2023
000.385 =================================================================
000.385 
000.385 Designed by ziliangzhang, build: May  5 2023  13:57:26
008.333 .... 2 packets received, 534 bps, 6.67%, Err 8 (1.3e-04)
010.991 .... 15 packets received, 2973 bps, 37.17%, Err 9 (1.1e-04)
013.927 .... 24 packets received, 3705 bps, 46.31%, Err 11 (1.0e-04)
023.183 .... 30 packets received, 2728 bps, 34.10%, Err 18 (9.9e-05)
025.278 .... 43 packets received, 3577 bps, 44.71%, Err 19 (9.5e-05)
027.961 .... 53 packets received, 3976 bps, 49.70%, Err 22 (1.0e-04)
030.081 .... 56 packets received, 3898 bps, 48.73%, Err 23 (9.7e-05)
033.250 .... 67 packets received, 4210 bps, 52.63%, Err 27 (1.0e-04)
042.773 .... 70 packets received, 3404 bps, 42.55%, Err 38 (1.1e-04)
044.911 .... 77 packets received, 3564 bps, 44.54%, Err 39 (1.1e-04)
047.273 .... 96 packets received, 4218 bps, 52.72%, Err 40 (1.1e-04)
050.485 .... 101 packets received, 4151 bps, 51.89%, Err 41 (1.0e-04)
052.871 .... 107 packets received, 4197 bps, 52.46%, Err 42 (1.0e-04)
056.315 .... 117 packets received, 4305 bps, 53.82%, Err 45 (1.0e-04)
058.439 .... 130 packets received, 4608 bps, 57.60%, Err 46 (9.9e-05)
060.558 .... 137 packets received, 4684 bps, 58.55%, Err 47 (9.8e-05)
063.981 .... 145 packets received, 4690 bps, 58.62%, Err 50 (9.8e-05)
067.182 .... 148 packets received, 4556 bps, 56.95%, Err 51 (9.6e-05)
069.292 .... 162 packets received, 4834 bps, 60.43%, Err 52 (9.4e-05)
078.806 .... 174 packets received, 4560 bps, 57.00%, Err 64 (1.0e-04)
082.545 .... 191 packets received, 4777 bps, 59.71%, Err 65 (9.9e-05)
084.947 .... 197 packets received, 4787 bps, 59.83%, Err 66 (9.8e-05)
087.067 .... 203 packets received, 4811 bps, 60.14%, Err 66 (9.5e-05)
090.205 .... 210 packets received, 4803 bps, 60.04%, Err 70 (9.7e-05)
093.931 .... 212 packets received, 4655 bps, 58.19%, Err 72 (9.6e-05)
097.408 .... 229 packets received, 4848 bps, 60.59%, Err 76 (9.8e-05)
105.040 .... 231 packets received, 4532 bps, 56.65%, Err 81 (9.7e-05)
107.980 .... 253 packets received, 4828 bps, 60.35%, Err 86 (1.0e-04)
111.415 .... 256 packets received, 4734 bps, 59.17%, Err 90 (1.0e-04)
120.696 .... 265 packets received, 4521 bps, 56.52%, Err 96 (1.0e-04)
122.770 .... 284 packets received, 4763 bps, 59.54%, Err 97 (9.9e-05)
131.796 .... 287 packets received, 4482 bps, 56.03%, Err 104 (9.9e-05)
140.784 .... 309 packets received, 4516 bps, 56.45%, Err 113 (1.0e-04)
143.697 .... 319 packets received, 4567 bps, 57.09%, Err 114 (9.9e-05)
146.104 .... 331 packets received, 4661 bps, 58.26%, Err 115 (9.9e-05)
148.471 .... 335 packets received, 4642 bps, 58.02%, Err 116 (9.8e-05)
150.856 .... 343 packets received, 4677 bps, 58.46%, Err 118 (9.8e-05)
153.512 .... 351 packets received, 4703 bps, 58.79%, Err 120 (9.8e-05)
161.182 .... 356 packets received, 4542 bps, 56.77%, Err 128 (1.0e-04)
164.087 .... 372 packets received, 4662 bps, 58.27%, Err 131 (1.0e-04)
166.228 .... 380 packets received, 4700 bps, 58.75%, Err 133 (1.0e-04)
168.331 .... 386 packets received, 4715 bps, 58.93%, Err 134 (1.0e-04)
170.715 .... 393 packets received, 4733 bps, 59.16%, Err 135 (9.9e-05)
172.839 .... 399 packets received, 4746 bps, 59.32%, Err 135 (9.8e-05)
180.496 .... 401 packets received, 4567 bps, 57.08%, Err 144 (1.0e-04)
182.621 .... 411 packets received, 4626 bps, 57.82%, Err 145 (9.9e-05)
185.322 .... 423 packets received, 4691 bps, 58.64%, Err 147 (9.9e-05)
187.412 .... 430 packets received, 4716 bps, 58.94%, Err 148 (9.9e-05)
189.815 .... 435 packets received, 4710 bps, 58.87%, Err 151 (1.0e-04)
192.963 .... 445 packets received, 4739 bps, 59.24%, Err 153 (9.9e-05)
195.622 .... 451 packets received, 4738 bps, 59.22%, Err 157 (1.0e-04)
214.988 .... 452 packets received, 4319 bps, 53.99%, Err 174 (1.0e-04)
217.106 .... 477 packets received, 4513 bps, 56.42%, Err 176 (1.0e-04)
220.563 .... 485 packets received, 4517 bps, 56.46%, Err 179 (1.0e-04)
223.709 .... 488 packets received, 4481 bps, 56.01%, Err 182 (1.0e-04)
226.914 .... 504 packets received, 4562 bps, 57.03%, Err 184 (1.0e-04)
234.306 .... 506 packets received, 4435 bps, 55.44%, Err 194 (1.0e-04)
237.480 .... 520 packets received, 4497 bps, 56.21%, Err 196 (1.0e-04)
245.731 .... 528 packets received, 4412 bps, 55.15%, Err 204 (1.0e-04)
248.897 .... 542 packets received, 4472 bps, 55.89%, Err 206 (1.0e-04)
251.551 .... 550 packets received, 4490 bps, 56.12%, Err 207 (1.0e-04)
253.643 .... 556 packets received, 4501 bps, 56.26%, Err 207 (1.0e-04)
256.288 .... 560 packets received, 4487 bps, 56.08%, Err 210 (1.0e-04)
260.003 .... 570 packets received, 4501 bps, 56.27%, Err 212 (1.0e-04)
263.455 .... 584 packets received, 4551 bps, 56.89%, Err 214 (1.0e-04)
266.606 .... 595 packets received, 4582 bps, 57.27%, Err 215 (1.0e-04)
269.756 .... 605 packets received, 4604 bps, 57.56%, Err 216 (1.0e-04)
272.157 .... 613 packets received, 4624 bps, 57.80%, Err 218 (1.0e-04)
274.807 .... 622 packets received, 4647 bps, 58.08%, Err 220 (1.0e-04)
276.906 .... 629 packets received, 4663 bps, 58.29%, Err 223 (1.0e-04)
279.012 .... 640 packets received, 4709 bps, 58.86%, Err 223 (1.0e-04)
281.132 .... 644 packets received, 4702 bps, 58.78%, Err 225 (1.0e-04)
283.758 .... 651 packets received, 4709 bps, 58.87%, Err 229 (1.0e-04)
286.446 .... 659 packets received, 4723 bps, 59.03%, Err 231 (1.0e-04)
293.590 .... 662 packets received, 4628 bps, 57.85%, Err 237 (1.0e-04)
296.246 .... 676 packets received, 4684 bps, 58.55%, Err 238 (1.0e-04)
298.350 .... 684 packets received, 4706 bps, 58.82%, Err 239 (1.0e-04)
301.273 .... 686 packets received, 4674 bps, 58.42%, Err 241 (1.0e-04)
303.923 .... 697 packets received, 4707 bps, 58.84%, Err 243 (1.0e-04)
306.824 .... 707 packets received, 4729 bps, 59.12%, Err 245 (1.0e-04)
313.980 .... 708 packets received, 4628 bps, 57.85%, Err 249 (9.9e-05)
316.384 .... 722 packets received, 4683 bps, 58.54%, Err 251 (9.9e-05)
318.506 .... 731 packets received, 4710 bps, 58.88%, Err 251 (9.9e-05)
321.927 .... 739 packets received, 4711 bps, 58.89%, Err 252 (9.8e-05)
324.319 .... 747 packets received, 4727 bps, 59.08%, Err 259 (1.0e-04)
327.473 .... 749 packets received, 4694 bps, 58.67%, Err 261 (1.0e-04)
329.900 .... 766 packets received, 4765 bps, 59.56%, Err 263 (1.0e-04)
331.979 .... 777 packets received, 4803 bps, 60.04%, Err 263 (9.9e-05)
334.382 .... 779 packets received, 4781 bps, 59.76%, Err 268 (1.0e-04)
337.013 .... 783 packets received, 4768 bps, 59.59%, Err 271 (1.0e-04)
344.192 .... 785 packets received, 4680 bps, 58.50%, Err 278 (1.0e-04)
347.622 .... 791 packets received, 4669 bps, 58.36%, Err 281 (1.0e-04)
350.248 .... 810 packets received, 4745 bps, 59.32%, Err 282 (1.0e-04)
352.631 .... 819 packets received, 4765 bps, 59.57%, Err 285 (1.0e-04)
359.782 .... 820 packets received, 4676 bps, 58.45%, Err 288 (1.0e-04)
361.919 .... 843 packets received, 4779 bps, 59.74%, Err 288 (1.0e-04)
364.040 .... 850 packets received, 4791 bps, 59.88%, Err 289 (9.9e-05)
366.163 .... 858 packets received, 4808 bps, 60.09%, Err 289 (9.9e-05)
368.285 .... 865 packets received, 4819 bps, 60.24%, Err 291 (9.9e-05)
376.495 .... 869 packets received, 4735 bps, 59.19%, Err 302 (1.0e-04)
390.265 .... 871 packets received, 4579 bps, 57.23%, Err 321 (1.0e-04)
397.943 .... 894 packets received, 4609 bps, 57.61%, Err 330 (1.0e-04)
401.914 .... 912 packets received, 4655 bps, 58.19%, Err 331 (1.0e-04)
404.838 .... 917 packets received, 4646 bps, 58.08%, Err 333 (1.0e-04)
406.939 .... 928 packets received, 4678 bps, 58.47%, Err 333 (1.0e-04)
409.048 .... 936 packets received, 4694 bps, 58.67%, Err 333 (1.0e-04)
411.173 .... 944 packets received, 4709 bps, 58.87%, Err 334 (1.0e-04)
413.309 .... 947 packets received, 4700 bps, 58.75%, Err 336 (1.0e-04)
415.425 .... 958 packets received, 4730 bps, 59.13%, Err 336 (1.0e-04)
417.589 .... 965 packets received, 4740 bps, 59.25%, Err 337 (1.0e-04)
419.663 .... 973 packets received, 4756 bps, 59.45%, Err 337 (1.0e-04)
421.770 .... 981 packets received, 4771 bps, 59.64%, Err 337 (1.0e-04)
425.202 .... 986 packets received, 4756 bps, 59.46%, Err 339 (1.0e-04)
432.356 .... 987 packets received, 4682 bps, 58.53%, Err 347 (1.0e-04)
434.483 .... 1004 packets received, 4740 bps, 59.25%, Err 349 (1.0e-04)
436.593 .... 1011 packets received, 4750 bps, 59.37%, Err 350 (1.0e-04)
438.704 .... 1019 packets received, 4764 bps, 59.55%, Err 350 (1.0e-04)
448.001 .... 1023 packets received, 4683 bps, 58.54%, Err 358 (1.0e-04)
450.924 .... 1042 packets received, 4739 bps, 59.24%, Err 361 (1.0e-04)
460.155 .... 1049 packets received, 4675 bps, 58.44%, Err 367 (1.0e-04)
464.166 .... 1071 packets received, 4732 bps, 59.15%, Err 369 (9.9e-05)
466.273 .... 1079 packets received, 4746 bps, 59.32%, Err 369 (9.9e-05)
475.021 .... 1085 packets received, 4684 bps, 58.55%, Err 379 (1.0e-04)
477.634 .... 1098 packets received, 4715 bps, 58.93%, Err 383 (1.0e-04)
480.542 .... 1106 packets received, 4720 bps, 59.00%, Err 385 (1.0e-04)
484.020 .... 1110 packets received, 4703 bps, 58.79%, Err 391 (1.0e-04)
486.642 .... 1113 packets received, 4690 bps, 58.63%, Err 395 (1.0e-04)
489.273 .... 1120 packets received, 4694 bps, 58.68%, Err 396 (1.0e-04)
492.475 .... 1124 packets received, 4681 bps, 58.51%, Err 397 (1.0e-04)
501.458 .... 1137 packets received, 4650 bps, 58.12%, Err 402 (1.0e-04)
503.646 .... 1147 packets received, 4670 bps, 58.38%, Err 403 (1.0e-04)
505.707 .... 1158 packets received, 4696 bps, 58.70%, Err 404 (1.0e-04)
508.126 .... 1164 packets received, 4698 bps, 58.72%, Err 406 (1.0e-04)
515.249 .... 1166 packets received, 4641 bps, 58.01%, Err 411 (1.0e-04)
517.893 .... 1181 packets received, 4676 bps, 58.45%, Err 414 (1.0e-04)
520.034 .... 1190 packets received, 4692 bps, 58.66%, Err 415 (1.0e-04)
522.156 .... 1197 packets received, 4701 bps, 58.76%, Err 416 (1.0e-04)
524.268 .... 1201 packets received, 4697 bps, 58.72%, Err 417 (1.0e-04)
527.181 .... 1211 packets received, 4710 bps, 58.88%, Err 419 (9.9e-05)
530.075 .... 1217 packets received, 4708 bps, 58.85%, Err 420 (9.9e-05)
533.312 .... 1228 packets received, 4722 bps, 59.02%, Err 422 (9.9e-05)
537.231 .... 1240 packets received, 4733 bps, 59.16%, Err 425 (9.9e-05)
540.460 .... 1254 packets received, 4758 bps, 59.47%, Err 426 (9.9e-05)
543.864 .... 1265 packets received, 4769 bps, 59.62%, Err 429 (9.9e-05)
551.587 .... 1266 packets received, 4706 bps, 58.83%, Err 435 (9.9e-05)
554.740 .... 1288 packets received, 4761 bps, 59.51%, Err 437 (9.9e-05)
557.652 .... 1290 packets received, 4743 bps, 59.29%, Err 441 (9.9e-05)
564.834 .... 1293 packets received, 4694 bps, 58.67%, Err 446 (9.9e-05)
574.647 .... 1312 packets received, 4681 bps, 58.52%, Err 462 (1.0e-04)
577.010 .... 1322 packets received, 4698 bps, 58.72%, Err 462 (1.0e-04)
579.429 .... 1329 packets received, 4703 bps, 58.78%, Err 463 (1.0e-04)
581.796 .... 1334 packets received, 4701 bps, 58.76%, Err 466 (1.0e-04)
583.899 .... 1340 packets received, 4705 bps, 58.82%, Err 468 (1.0e-04)
586.320 .... 1342 packets received, 4693 bps, 58.66%, Err 470 (1.0e-04)
588.385 .... 1356 packets received, 4725 bps, 59.06%, Err 471 (1.0e-04)
591.565 .... 1363 packets received, 4724 bps, 59.05%, Err 473 (1.0e-04)
594.213 .... 1372 packets received, 4734 bps, 59.17%, Err 475 (1.0e-04)
597.386 .... 1381 packets received, 4740 bps, 59.25%, Err 478 (1.0e-04)
599.508 .... 1388 packets received, 4747 bps, 59.34%, Err 478 (1.0e-04)
608.571 .... 1401 packets received, 4720 bps, 59.00%, Err 486 (1.0e-04)
618.357 .... 1418 packets received, 4701 bps, 58.77%, Err 498 (1.0e-04)
621.232 .... 1430 packets received, 4719 bps, 58.99%, Err 499 (1.0e-04)
