000.000 =============================================================
000.000                     Station B                               
000.000 -------------------------------------------------------------
000.000 Protocol.lib, version 4.0, jiangyanjun0718@bupt.edu.cn
000.000 Channel: 8000 bps, 270 ms propagation delay, bit error rate 1.0E-04
000.000 Log file "datalink-B.log", TCP port 59144, debug mask 0x00
000.000 Station B is connecting station A (TCP port 59144) ... Done.
000.384 New epoch: Fri May  5 14:03:05 2023
000.384 =================================================================
000.385 
000.385 Designed by ziliangzhang, build: May  5 2023  13:57:26
002.784 .... 8 packets received, 7710 bps, 96.38%, Err 1 (5.2e-05)
006.228 .... 14 packets received, 5149 bps, 64.36%, Err 5 (1.1e-04)
009.683 .... 25 packets received, 5674 bps, 70.92%, Err 6 (8.1e-05)
012.328 .... 33 packets received, 5792 bps, 72.40%, Err 11 (1.2e-04)
020.259 .... 37 packets received, 3866 bps, 48.33%, Err 16 (1.0e-04)
022.363 .... 59 packets received, 5567 bps, 69.59%, Err 17 (9.7e-05)
024.479 .... 65 packets received, 5589 bps, 69.86%, Err 19 (9.9e-05)
027.961 .... 71 packets received, 5326 bps, 66.57%, Err 22 (1.0e-04)
030.852 .... 75 packets received, 5087 bps, 63.59%, Err 25 (1.0e-04)
034.006 .... 81 packets received, 4975 bps, 62.18%, Err 26 (9.7e-05)
037.180 .... 94 packets received, 5271 bps, 65.89%, Err 30 (1.0e-04)
044.635 .... 98 packets received, 4564 bps, 57.05%, Err 37 (1.0e-04)
046.762 .... 115 packets received, 5109 bps, 63.86%, Err 40 (1.1e-04)
049.684 .... 123 packets received, 5138 bps, 64.23%, Err 42 (1.1e-04)
053.149 .... 133 packets received, 5189 bps, 64.87%, Err 44 (1.0e-04)
056.593 .... 142 packets received, 5199 bps, 64.99%, Err 47 (1.0e-04)
060.000 .... 153 packets received, 5280 bps, 66.00%, Err 50 (1.0e-04)
063.474 .... 166 packets received, 5412 bps, 67.65%, Err 53 (1.1e-04)
066.367 .... 172 packets received, 5361 bps, 67.01%, Err 56 (1.1e-04)
069.583 .... 176 packets received, 5230 bps, 65.37%, Err 58 (1.0e-04)
076.946 .... 183 packets received, 4913 bps, 61.41%, Err 62 (1.0e-04)
079.053 .... 201 packets received, 5251 bps, 65.64%, Err 66 (1.0e-04)
081.466 .... 209 packets received, 5297 bps, 66.21%, Err 66 (1.0e-04)
084.361 .... 212 packets received, 5187 bps, 64.84%, Err 68 (1.0e-04)
092.123 .... 215 packets received, 4814 bps, 60.18%, Err 75 (1.0e-04)
094.730 .... 234 packets received, 5094 bps, 63.68%, Err 76 (1.0e-04)
098.164 .... 241 packets received, 5062 bps, 63.27%, Err 77 (9.8e-05)
106.883 .... 250 packets received, 4820 bps, 60.25%, Err 86 (1.0e-04)
110.356 .... 270 packets received, 5041 bps, 63.01%, Err 87 (9.9e-05)
124.917 .... 272 packets received, 4483 bps, 56.04%, Err 100 (1.0e-04)
128.386 .... 296 packets received, 4746 bps, 59.33%, Err 104 (1.0e-04)
141.570 .... 301 packets received, 4375 bps, 54.68%, Err 112 (9.9e-05)
143.974 .... 325 packets received, 4644 bps, 58.05%, Err 114 (9.9e-05)
146.412 .... 326 packets received, 4581 bps, 57.26%, Err 117 (1.0e-04)
153.788 .... 329 packets received, 4400 bps, 55.00%, Err 122 (9.9e-05)
157.245 .... 351 packets received, 4591 bps, 57.38%, Err 126 (1.0e-04)
160.702 .... 357 packets received, 4568 bps, 57.10%, Err 130 (1.0e-04)
164.643 .... 366 packets received, 4571 bps, 57.14%, Err 133 (1.0e-04)
173.948 .... 383 packets received, 4526 bps, 56.58%, Err 141 (1.0e-04)
176.587 .... 398 packets received, 4633 bps, 57.91%, Err 145 (1.0e-04)
178.723 .... 405 packets received, 4658 bps, 58.23%, Err 147 (1.0e-04)
181.347 .... 410 packets received, 4647 bps, 58.09%, Err 150 (1.0e-04)
183.451 .... 421 packets received, 4717 bps, 58.96%, Err 152 (1.0e-04)
185.599 .... 422 packets received, 4673 bps, 58.41%, Err 154 (1.0e-04)
188.505 .... 429 packets received, 4677 bps, 58.46%, Err 155 (1.0e-04)
191.181 .... 442 packets received, 4751 bps, 59.39%, Err 160 (1.0e-04)
194.086 .... 447 packets received, 4733 bps, 59.16%, Err 161 (1.0e-04)
196.204 .... 462 packets received, 4839 bps, 60.48%, Err 162 (1.0e-04)
198.574 .... 467 packets received, 4832 bps, 60.41%, Err 163 (1.0e-04)
200.692 .... 477 packets received, 4884 bps, 61.05%, Err 166 (1.0e-04)
209.413 .... 480 packets received, 4709 bps, 58.86%, Err 177 (1.1e-04)
211.762 .... 484 packets received, 4695 bps, 58.69%, Err 179 (1.1e-04)
213.951 .... 503 packets received, 4830 bps, 60.37%, Err 179 (1.0e-04)
216.026 .... 511 packets received, 4859 bps, 60.74%, Err 181 (1.0e-04)
218.151 .... 518 packets received, 4878 bps, 60.97%, Err 181 (1.0e-04)
220.256 .... 525 packets received, 4896 bps, 61.20%, Err 182 (1.0e-04)
223.709 .... 529 packets received, 4857 bps, 60.71%, Err 185 (1.0e-04)
226.618 .... 538 packets received, 4876 bps, 60.95%, Err 188 (1.0e-04)
233.784 .... 545 packets received, 4788 bps, 59.85%, Err 193 (1.0e-04)
236.120 .... 557 packets received, 4845 bps, 60.56%, Err 195 (1.0e-04)
238.776 .... 567 packets received, 4877 bps, 60.96%, Err 195 (1.0e-04)
241.960 .... 570 packets received, 4838 bps, 60.47%, Err 198 (1.0e-04)
244.097 .... 584 packets received, 4913 bps, 61.41%, Err 198 (1.0e-04)
257.623 .... 587 packets received, 4678 bps, 58.48%, Err 208 (1.0e-04)
259.727 .... 610 packets received, 4822 bps, 60.28%, Err 208 (1.0e-04)
261.843 .... 618 packets received, 4846 bps, 60.57%, Err 208 (9.9e-05)
264.225 .... 622 packets received, 4833 bps, 60.41%, Err 209 (9.9e-05)
278.549 .... 629 packets received, 4636 bps, 57.95%, Err 221 (9.9e-05)
280.673 .... 654 packets received, 4783 bps, 59.79%, Err 222 (9.9e-05)
283.310 .... 660 packets received, 4782 bps, 59.78%, Err 225 (9.9e-05)
286.508 .... 666 packets received, 4772 bps, 59.65%, Err 229 (1.0e-04)
289.395 .... 675 packets received, 4788 bps, 59.85%, Err 232 (1.0e-04)
298.426 .... 680 packets received, 4677 bps, 58.46%, Err 244 (1.0e-04)
301.598 .... 695 packets received, 4730 bps, 59.12%, Err 248 (1.0e-04)
303.721 .... 707 packets received, 4778 bps, 59.72%, Err 249 (1.0e-04)
305.841 .... 718 packets received, 4818 bps, 60.23%, Err 249 (1.0e-04)
307.980 .... 726 packets received, 4838 bps, 60.48%, Err 249 (1.0e-04)
311.130 .... 729 packets received, 4809 bps, 60.11%, Err 253 (1.0e-04)
313.797 .... 735 packets received, 4807 bps, 60.09%, Err 253 (1.0e-04)
322.280 .... 748 packets received, 4763 bps, 59.54%, Err 261 (1.0e-04)
331.810 .... 764 packets received, 4725 bps, 59.06%, Err 268 (1.0e-04)
333.907 .... 776 packets received, 4769 bps, 59.61%, Err 271 (1.0e-04)
337.121 .... 791 packets received, 4815 bps, 60.18%, Err 272 (1.0e-04)
339.548 .... 799 packets received, 4829 bps, 60.36%, Err 275 (1.0e-04)
346.668 .... 801 packets received, 4741 bps, 59.26%, Err 277 (1.0e-04)
348.787 .... 825 packets received, 4853 bps, 60.67%, Err 277 (9.9e-05)
350.896 .... 833 packets received, 4871 bps, 60.89%, Err 278 (9.9e-05)
354.075 .... 840 packets received, 4868 bps, 60.85%, Err 279 (9.9e-05)
356.171 .... 847 packets received, 4879 bps, 60.99%, Err 280 (9.8e-05)
358.289 .... 854 packets received, 4891 bps, 61.13%, Err 281 (9.8e-05)
360.684 .... 861 packets received, 4898 bps, 61.22%, Err 284 (9.9e-05)
363.347 .... 866 packets received, 4890 bps, 61.13%, Err 289 (1.0e-04)
366.010 .... 872 packets received, 4888 bps, 61.10%, Err 292 (1.0e-04)
373.125 .... 874 packets received, 4806 bps, 60.07%, Err 298 (1.0e-04)
376.293 .... 895 packets received, 4880 bps, 61.00%, Err 300 (1.0e-04)
378.387 .... 902 packets received, 4891 bps, 61.13%, Err 302 (1.0e-04)
380.501 .... 903 packets received, 4869 bps, 60.86%, Err 303 (1.0e-04)
382.898 .... 917 packets received, 4913 bps, 61.41%, Err 305 (1.0e-04)
385.532 .... 924 packets received, 4917 bps, 61.46%, Err 306 (9.9e-05)
388.704 .... 934 packets received, 4929 bps, 61.62%, Err 309 (9.9e-05)
390.820 .... 935 packets received, 4908 bps, 61.35%, Err 311 (1.0e-04)
392.953 .... 941 packets received, 4913 bps, 61.41%, Err 315 (1.0e-04)
408.045 .... 952 packets received, 4786 bps, 59.82%, Err 327 (1.0e-04)
410.435 .... 976 packets received, 4878 bps, 60.97%, Err 328 (1.0e-04)
412.787 .... 983 packets received, 4885 bps, 61.06%, Err 328 (9.9e-05)
420.710 .... 985 packets received, 4802 bps, 60.03%, Err 336 (1.0e-04)
423.111 .... 996 packets received, 4828 bps, 60.36%, Err 337 (1.0e-04)
425.480 .... 1008 packets received, 4859 bps, 60.74%, Err 338 (9.9e-05)
433.699 .... 1011 packets received, 4781 bps, 59.77%, Err 344 (9.9e-05)
436.086 .... 1024 packets received, 4816 bps, 60.20%, Err 346 (9.9e-05)
438.195 .... 1032 packets received, 4831 bps, 60.38%, Err 350 (1.0e-04)
447.447 .... 1039 packets received, 4763 bps, 59.53%, Err 359 (1.0e-04)
450.631 .... 1055 packets received, 4802 bps, 60.02%, Err 361 (1.0e-04)
454.135 .... 1062 packets received, 4796 bps, 59.95%, Err 363 (1.0e-04)
461.511 .... 1065 packets received, 4733 bps, 59.16%, Err 369 (1.0e-04)
471.573 .... 1076 packets received, 4680 bps, 58.49%, Err 377 (1.0e-04)
473.671 .... 1099 packets received, 4758 bps, 59.48%, Err 379 (1.0e-04)
476.595 .... 1104 packets received, 4751 bps, 59.38%, Err 381 (1.0e-04)
479.001 .... 1108 packets received, 4744 bps, 59.30%, Err 381 (1.0e-04)
481.129 .... 1125 packets received, 4795 bps, 59.94%, Err 381 (9.9e-05)
489.350 .... 1129 packets received, 4731 bps, 59.14%, Err 388 (9.9e-05)
503.369 .... 1134 packets received, 4620 bps, 57.75%, Err 401 (1.0e-04)
511.337 .... 1158 packets received, 4644 bps, 58.05%, Err 411 (1.0e-04)
515.570 .... 1166 packets received, 4638 bps, 57.97%, Err 414 (1.0e-04)
518.215 .... 1180 packets received, 4669 bps, 58.37%, Err 416 (1.0e-04)
520.313 .... 1186 packets received, 4674 bps, 58.43%, Err 416 (1.0e-04)
522.713 .... 1193 packets received, 4680 bps, 58.50%, Err 417 (1.0e-04)
531.444 .... 1198 packets received, 4622 bps, 57.78%, Err 425 (1.0e-04)
534.128 .... 1209 packets received, 4641 bps, 58.02%, Err 429 (1.0e-04)
542.597 .... 1220 packets received, 4610 bps, 57.63%, Err 435 (1.0e-04)
544.987 .... 1229 packets received, 4624 bps, 57.80%, Err 438 (1.0e-04)
547.894 .... 1244 packets received, 4656 bps, 58.20%, Err 440 (1.0e-04)
549.985 .... 1250 packets received, 4660 bps, 58.25%, Err 441 (1.0e-04)
552.124 .... 1252 packets received, 4650 bps, 58.12%, Err 443 (1.0e-04)
554.235 .... 1263 packets received, 4673 bps, 58.41%, Err 443 (1.0e-04)
557.402 .... 1269 packets received, 4668 bps, 58.35%, Err 447 (1.0e-04)
560.596 .... 1273 packets received, 4656 bps, 58.20%, Err 448 (1.0e-04)
563.504 .... 1287 packets received, 4683 bps, 58.54%, Err 452 (1.0e-04)
566.965 .... 1293 packets received, 4676 bps, 58.45%, Err 455 (1.0e-04)
570.411 .... 1302 packets received, 4680 bps, 58.50%, Err 456 (1.0e-04)
573.540 .... 1316 packets received, 4705 bps, 58.81%, Err 458 (1.0e-04)
583.393 .... 1328 packets received, 4667 bps, 58.34%, Err 467 (1.0e-04)
587.076 .... 1350 packets received, 4715 bps, 58.93%, Err 468 (1.0e-04)
596.096 .... 1356 packets received, 4664 bps, 58.30%, Err 479 (1.0e-04)
598.985 .... 1370 packets received, 4689 bps, 58.62%, Err 479 (1.0e-04)
602.212 .... 1379 packets received, 4695 bps, 58.69%, Err 484 (1.0e-04)
604.299 .... 1385 packets received, 4699 bps, 58.74%, Err 484 (1.0e-04)
606.407 .... 1391 packets received, 4703 bps, 58.79%, Err 486 (1.0e-04)
609.860 .... 1396 packets received, 4693 bps, 58.66%, Err 489 (1.0e-04)
617.803 .... 1398 packets received, 4639 bps, 57.99%, Err 495 (1.0e-04)
620.183 .... 1418 packets received, 4688 bps, 58.59%, Err 497 (1.0e-04)
622.211 TCP Disconnected.
